[0m13:20:45.838762 [debug] [MainThread]: Sending event: {'category': 'dbt', 'action': 'invocation', 'label': 'start', 'context': [<snowplow_tracker.self_describing_json.SelfDescribingJson object at 0x0000018218279690>, <snowplow_tracker.self_describing_json.SelfDescribingJson object at 0x0000018217A19B40>, <snowplow_tracker.self_describing_json.SelfDescribingJson object at 0x0000018217A1B1F0>]}


============================== 13:20:45.843251 | 2fff6456-45ec-41d4-99b5-266300921b6b ==============================
[0m13:20:45.843251 [info ] [MainThread]: Running with dbt=1.7.15
[0m13:20:45.843251 [debug] [MainThread]: running dbt with arguments {'printer_width': '80', 'indirect_selection': 'eager', 'write_json': 'True', 'log_cache_events': 'False', 'partial_parse': 'True', 'cache_selected_only': 'False', 'profiles_dir': 'C:\\Users\\toant\\.dbt', 'version_check': 'True', 'debug': 'False', 'log_path': 'logs', 'fail_fast': 'False', 'warn_error': 'None', 'use_colors': 'True', 'use_experimental_parser': 'False', 'no_print': 'None', 'quiet': 'False', 'log_format': 'default', 'introspect': 'True', 'invocation_command': 'dbt init airbyte', 'warn_error_options': 'WarnErrorOptions(include=[], exclude=[])', 'target_path': 'None', 'static_parser': 'True', 'send_anonymous_usage_stats': 'True'}
[0m13:20:45.843251 [warn ] [MainThread]: [ConfigFolderDirectory]: Unable to parse dict {'dir': WindowsPath('C:/Users/toant/.dbt')}
[0m13:20:45.843251 [info ] [MainThread]: Creating dbt configuration folder at 
[0m13:20:45.843251 [debug] [MainThread]: Starter project path: C:\Users\toant\AppData\Local\Programs\Python\Python310\lib\site-packages\dbt\include\starter_project
[0m13:20:45.895611 [info ] [MainThread]: 
Your new dbt project "airbyte" was created!

For more information on how to configure the profiles.yml file,
please consult the dbt documentation here:

  https://docs.getdbt.com/docs/configure-your-profile

One more thing:

Need help? Don't hesitate to reach out to us via GitHub issues or on Slack:

  https://community.getdbt.com/

Happy modeling!

[0m13:20:45.895611 [info ] [MainThread]: Setting up your profile.
[0m13:20:53.787316 [info ] [MainThread]: No sample profile found for sqlserver.
[0m13:20:53.790232 [debug] [MainThread]: Command `dbt init` succeeded at 13:20:53.789192 after 8.00 seconds
[0m13:20:53.790232 [debug] [MainThread]: Sending event: {'category': 'dbt', 'action': 'invocation', 'label': 'end', 'context': [<snowplow_tracker.self_describing_json.SelfDescribingJson object at 0x0000018218279690>, <snowplow_tracker.self_describing_json.SelfDescribingJson object at 0x0000018217A19F90>, <snowplow_tracker.self_describing_json.SelfDescribingJson object at 0x0000018217A6E1D0>]}
[0m13:20:53.790232 [debug] [MainThread]: Flushing usage events
